<?xml version="1.0" encoding="UTF-8"?>
<!-- Generated by org.testng.reporters.JUnitXMLReporter -->
<testsuite ignored="0" hostname="DESKTOP-MEB0TKK" failures="0" tests="5" name="Button_Test" time="22.282" errors="0" timestamp="2023-04-04T17:10:42 IST">
  <testcase classname="testingbaba_test.Button_Test" name="clickonelement" time="0.053"/>
  <testcase classname="testingbaba_test.Button_Test" name="clickonbuttons" time="2.093"/>
  <testcase classname="testingbaba_test.Button_Test" name="performDoubleclick_rightclick" time="0.368"/>
  <testcase classname="testingbaba_test.Button_Test" name="doubletext" time="0.033"/>
  <testcase classname="testingbaba_test.Button_Test" name="righttext" time="0.035"/>
</testsuite> <!-- Button_Test -->
