<?xml version="1.0" encoding="UTF-8"?>
<!-- Generated by org.testng.reporters.JUnitXMLReporter -->
<testsuite ignored="0" hostname="DESKTOP-MEB0TKK" failures="0" tests="5" name="CheckBox_Test" time="15.421" errors="0" timestamp="2023-04-04T17:10:20 IST">
  <testcase classname="testingbaba_test.CheckBox_Test" name="clickonelement" time="0.08"/>
  <testcase classname="testingbaba_test.CheckBox_Test" name="clickoncheckbox" time="0.067"/>
  <testcase classname="testingbaba_test.CheckBox_Test" name="clickonmobile" time="0.19"/>
  <testcase classname="testingbaba_test.CheckBox_Test" name="clickonlaptop" time="0.002"/>
  <testcase classname="testingbaba_test.CheckBox_Test" name="clickondesktop" time="0.083"/>
</testsuite> <!-- CheckBox_Test -->
