<?xml version="1.0" encoding="UTF-8"?>
<!-- Generated by org.testng.reporters.JUnitXMLReporter -->
<testsuite ignored="0" hostname="DESKTOP-D8G3ELB" failures="0" tests="3" name="FileUpload_Test" time="60.729" errors="0" timestamp="2023-05-25T11:41:50 IST">
  <testcase classname="testingbaba_test.FileUpload_Test" name="clickon_element" time="0.1"/>
  <testcase classname="testingbaba_test.FileUpload_Test" name="ToVerifyclickonupload" time="2.093"/>
  <testcase classname="testingbaba_test.FileUpload_Test" name="clickon_selectfile" time="16.012"/>
</testsuite> <!-- FileUpload_Test -->
