<?xml version="1.0" encoding="UTF-8"?>
<!-- Generated by org.testng.reporters.JUnitXMLReporter -->
<testsuite ignored="0" hostname="DESKTOP-D8G3ELB" failures="0" tests="6" name="SelectMenu_Test" time="23.395" errors="0" timestamp="2023-05-17T18:31:53 IST">
  <testcase classname="testingbaba_test.SelectMenu_Test" name="clickonselectwidget" time="0.091"/>
  <testcase classname="testingbaba_test.SelectMenu_Test" name="clickonselectmenu" time="2.077"/>
  <testcase classname="testingbaba_test.SelectMenu_Test" name="selectdropdown" time="0.112"/>
  <testcase classname="testingbaba_test.SelectMenu_Test" name="select_one" time="0.102"/>
  <testcase classname="testingbaba_test.SelectMenu_Test" name="selectold_menu" time="0.125"/>
  <testcase classname="testingbaba_test.SelectMenu_Test" name="select_multiple" time="1.418"/>
</testsuite> <!-- SelectMenu_Test -->
