<?xml version="1.0" encoding="UTF-8"?>
<!-- Generated by org.testng.reporters.JUnitXMLReporter -->
<testsuite ignored="0" hostname="DESKTOP-MEB0TKK" failures="0" tests="3" name="Button_Test" time="27.789" errors="0" timestamp="2023-03-23T17:17:32 IST">
  <testcase classname="testingbaba_test.Button_Test" name="clickonelement" time="0.075"/>
  <testcase classname="testingbaba_test.Button_Test" name="clickonbuttons" time="2.113"/>
  <testcase classname="testingbaba_test.Button_Test" name="performDoubleclick_rightclick" time="0.365"/>
</testsuite> <!-- Button_Test -->
