<?xml version="1.0" encoding="UTF-8"?>
<testng-results ignored="0" total="3" passed="3" failed="0" skipped="0">
  <reporter-output>
  </reporter-output>
  <suite started-at="2023-05-25T11:40:48 IST" name="TestingBaba_Suit" finished-at="2023-05-25T11:41:49 IST" duration-ms="60729">
    <groups>
    </groups>
    <test started-at="2023-05-25T11:40:48 IST" name="FileUpload_Test" finished-at="2023-05-25T11:41:49 IST" duration-ms="60729">
      <class name="testingbaba_test.FileUpload_Test">
        <test-method is-config="true" signature="getlaunchurl_TestingBaba(java.lang.String)[pri:0, instance:testingbaba_test.FileUpload_Test@67c33749]" started-at="2023-05-25T11:40:48 IST" name="getlaunchurl_TestingBaba" finished-at="2023-05-25T11:41:26 IST" duration-ms="37839" status="PASS">
          <params>
            <param index="0">
              <value>
                <![CDATA[stagingurl]]>
              </value>
            </param>
          </params>
          <reporter-output>
          </reporter-output>
        </test-method> <!-- getlaunchurl_TestingBaba -->
        <test-method signature="clickon_element()[pri:1, instance:testingbaba_test.FileUpload_Test@67c33749]" started-at="2023-05-25T11:41:26 IST" name="clickon_element" finished-at="2023-05-25T11:41:26 IST" duration-ms="100" status="PASS">
          <reporter-output>
          </reporter-output>
        </test-method> <!-- clickon_element -->
        <test-method is-config="true" signature="ResultAnalysis(org.testng.ITestResult)[pri:0, instance:testingbaba_test.FileUpload_Test@67c33749]" started-at="2023-05-25T11:41:26 IST" name="ResultAnalysis" finished-at="2023-05-25T11:41:26 IST" duration-ms="490" status="PASS">
          <params>
            <param index="0">
              <value>
                <![CDATA[[TestResult name=clickon_element status=SUCCESS method=FileUpload_Test.clickon_element()[pri:1, instance:testingbaba_test.FileUpload_Test@67c33749] output={null}]]]>
              </value>
            </param>
          </params>
          <reporter-output>
          </reporter-output>
        </test-method> <!-- ResultAnalysis -->
        <test-method is-config="true" signature="Teardown()[pri:0, instance:testingbaba_test.FileUpload_Test@67c33749]" started-at="2023-05-25T11:41:26 IST" name="Teardown" finished-at="2023-05-25T11:41:26 IST" duration-ms="0" status="PASS">
          <reporter-output>
          </reporter-output>
        </test-method> <!-- Teardown -->
        <test-method signature="ToVerifyclickonupload()[pri:2, instance:testingbaba_test.FileUpload_Test@67c33749]" started-at="2023-05-25T11:41:26 IST" name="ToVerifyclickonupload" finished-at="2023-05-25T11:41:28 IST" duration-ms="2093" status="PASS">
          <reporter-output>
          </reporter-output>
        </test-method> <!-- ToVerifyclickonupload -->
        <test-method is-config="true" signature="ResultAnalysis(org.testng.ITestResult)[pri:0, instance:testingbaba_test.FileUpload_Test@67c33749]" started-at="2023-05-25T11:41:28 IST" name="ResultAnalysis" finished-at="2023-05-25T11:41:29 IST" duration-ms="219" status="PASS">
          <params>
            <param index="0">
              <value>
                <![CDATA[[TestResult name=ToVerifyclickonupload status=SUCCESS method=FileUpload_Test.ToVerifyclickonupload()[pri:2, instance:testingbaba_test.FileUpload_Test@67c33749] output={null}]]]>
              </value>
            </param>
          </params>
          <reporter-output>
          </reporter-output>
        </test-method> <!-- ResultAnalysis -->
        <test-method is-config="true" signature="Teardown()[pri:0, instance:testingbaba_test.FileUpload_Test@67c33749]" started-at="2023-05-25T11:41:29 IST" name="Teardown" finished-at="2023-05-25T11:41:29 IST" duration-ms="0" status="PASS">
          <reporter-output>
          </reporter-output>
        </test-method> <!-- Teardown -->
        <test-method signature="clickon_selectfile()[pri:3, instance:testingbaba_test.FileUpload_Test@67c33749]" started-at="2023-05-25T11:41:29 IST" name="clickon_selectfile" finished-at="2023-05-25T11:41:45 IST" duration-ms="16012" status="PASS">
          <reporter-output>
          </reporter-output>
        </test-method> <!-- clickon_selectfile -->
        <test-method is-config="true" signature="ResultAnalysis(org.testng.ITestResult)[pri:0, instance:testingbaba_test.FileUpload_Test@67c33749]" started-at="2023-05-25T11:41:45 IST" name="ResultAnalysis" finished-at="2023-05-25T11:41:49 IST" duration-ms="3918" status="PASS">
          <params>
            <param index="0">
              <value>
                <![CDATA[[TestResult name=clickon_selectfile status=SUCCESS method=FileUpload_Test.clickon_selectfile()[pri:3, instance:testingbaba_test.FileUpload_Test@67c33749] output={null}]]]>
              </value>
            </param>
          </params>
          <reporter-output>
          </reporter-output>
        </test-method> <!-- ResultAnalysis -->
        <test-method is-config="true" signature="Teardown()[pri:0, instance:testingbaba_test.FileUpload_Test@67c33749]" started-at="2023-05-25T11:41:49 IST" name="Teardown" finished-at="2023-05-25T11:41:49 IST" duration-ms="0" status="PASS">
          <reporter-output>
          </reporter-output>
        </test-method> <!-- Teardown -->
      </class> <!-- testingbaba_test.FileUpload_Test -->
    </test> <!-- FileUpload_Test -->
  </suite> <!-- TestingBaba_Suit -->
</testng-results>
